生成启动时间为 2018/10/24 19:14:34。
     1>项目“E:\物体检测与识别\自编程序\基于特征跟踪的目标跟踪算法（带界面）\TrackerOnBoVWwindow\TrackerOnBoVWwindow.vcxproj”在节点 2 上(Build 个目标)。
     1>ClCompile:
         D:\编程软件\VS2012\VC\bin\CL.exe /c /I.\GeneratedFiles /I. /ID:\qt5.3.1\5.3\msvc2012_opengl\include /I.\GeneratedFiles\Debug /ID:\qt5.3.1\5.3\msvc2012_opengl\include\QtCore /ID:\qt5.3.1\5.3\msvc2012_opengl\include\QtGui /ID:\qt5.3.1\5.3\msvc2012_opengl\include\QtWidgets /ID:\qt5.3.1\5.3\msvc2012_opengl\include\QtMultimedia /Zi /nologo /W1 /WX- /Od /Oy- /D UNICODE /D WIN32 /D WIN64 /D QT_DLL /D QT_CORE_LIB /D QT_GUI_LIB /D QT_WIDGETS_LIB /D QT_MULTIMEDIA_LIB /Gm- /EHsc /MDd /GS /fp:precise /Zc:wchar_t /Zc:forScope /Fo"Debug\\" /Fd"Debug\vc110.pdb" /Gd /TP /analyze- /errorReport:prompt trackeronbovwwindow.cpp
         trackeronbovwwindow.cpp
     1>e:\物体检测与识别\自编程序\基于特征跟踪的目标跟踪算法（带界面）\trackeronbovwwindow\trackeronbovwwindow.cpp(453): warning C4715: “TrackerOnBoVWwindow::setObjPosition”: 不是所有的控件路径都返回值
       Link:
         D:\编程软件\VS2012\VC\bin\link.exe /ERRORREPORT:PROMPT /OUT:"E:\物体检测与识别\自编程序\基于特征跟踪的目标跟踪算法（带界面）\TrackerOnBoVWwindow\Win32\Debug\\TrackerOnBoVWwindow.exe" /NOLOGO /LIBPATH:D:\qt5.3.1\5.3\msvc2012_opengl\lib qtmaind.lib Qt5Cored.lib Qt5Guid.lib Qt5Widgetsd.lib Qt5Multimediad.lib opencv_legacy2410d.lib opencv_calib3d2410d.lib opencv_contrib2410d.lib opencv_core2410d.lib opencv_features2d2410d.lib opencv_flann2410d.lib opencv_gpu2410d.lib opencv_highgui2410d.lib opencv_imgproc2410d.lib opencv_legacy2410d.lib opencv_ml2410d.lib opencv_nonfree2410d.lib opencv_objdetect2410d.lib opencv_photo2410d.lib opencv_stitching2410d.lib opencv_ts2410d.lib opencv_video2410d.lib opencv_videostab2410d.lib kernel32.lib user32.lib gdi32.lib winspool.lib comdlg32.lib advapi32.lib shell32.lib ole32.lib oleaut32.lib uuid.lib odbc32.lib odbccp32.lib /MANIFEST /ManifestFile:"Debug\TrackerOnBoVWwindow.exe.intermediate.manifest" /MANIFESTUAC:"level='asInvoker' uiAccess='false'" /DEBUG /PDB:"E:\物体检测与识别\自编程序\基于特征跟踪的目标跟踪算法（带界面）\TrackerOnBoVWwindow\Win32\Debug\TrackerOnBoVWwindow.pdb" /SUBSYSTEM:WINDOWS /TLBID:1 /DYNAMICBASE /NXCOMPAT /IMPLIB:"E:\物体检测与识别\自编程序\基于特征跟踪的目标跟踪算法（带界面）\TrackerOnBoVWwindow\Win32\Debug\TrackerOnBoVWwindow.lib" /MACHINE:X86 /SAFESEH Debug\temp.res
         Debug\moc_trackeronbovwwindow.obj
         Debug\moc_widgetpainter.obj
         Debug\qrc_trackeronbovwwindow.obj
         Debug\main.obj
         Debug\TrainBoVWofFeature.obj
         Debug\cvMatQImageTrans.obj
         Debug\BoVWFeatureTracker.obj
         Debug\TrackerOnBoVW.obj
         Debug\leastSquaresAndNewton.obj
         Debug\poseEstimateKickOutpoint.obj
         Debug\stdafx.obj
         Debug\trackeronbovwwindow.obj
         Debug\widgetpainter.obj
         TrackerOnBoVWwindow.vcxproj -> E:\物体检测与识别\自编程序\基于特征跟踪的目标跟踪算法（带界面）\TrackerOnBoVWwindow\Win32\Debug\TrackerOnBoVWwindow.exe
       Manifest:
         C:\Program Files (x86)\Windows Kits\8.0\bin\x86\mt.exe /nologo /verbose /out:"E:\物体检测与识别\自编程序\基于特征跟踪的目标跟踪算法（带界面）\TrackerOnBoVWwindow\Win32\Debug\TrackerOnBoVWwindow.exe.manifest" /manifest Debug\TrackerOnBoVWwindow.exe.intermediate.manifest
     1>已完成生成项目“E:\物体检测与识别\自编程序\基于特征跟踪的目标跟踪算法（带界面）\TrackerOnBoVWwindow\TrackerOnBoVWwindow.vcxproj”(Build 个目标)的操作。

生成成功。

已用时间 00:00:05.02
